<?xml version="1.0" encoding="UTF-8"?>
<testsuite errors="0" failures="1" hostname="davenkin.local" name="com.thoughtworks.davenkin.jbehave.CalculatorTests" tests="1" time="0.747" timestamp="2012-04-07T11:05:37">
  <properties />
  <testcase classname="com.thoughtworks.davenkin.jbehave.CalculatorTests" name="run" time="0.677">
    <failure message="org.jbehave.core.io.StoryResourceNotFound: Story path &apos;com/thoughtworks/davenkin/jbehave/calculator_tests.story&apos; not found by class loader sun.misc.Launcher$AppClassLoader@558fe7c3" type="org.jbehave.core.io.StoryResourceNotFound">org.jbehave.core.io.StoryResourceNotFound: Story path &apos;com/thoughtworks/davenkin/jbehave/calculator_tests.story&apos; not found by class loader sun.misc.Launcher$AppClassLoader@558fe7c3
	at org.jbehave.core.io.LoadFromClasspath.resourceAsStream(LoadFromClasspath.java:45)
	at org.jbehave.core.io.LoadFromClasspath.loadResourceAsText(LoadFromClasspath.java:30)
	at org.jbehave.core.io.LoadFromClasspath.loadStoryAsText(LoadFromClasspath.java:39)
	at org.jbehave.core.embedder.StoryRunner.storyOfPath(StoryRunner.java:183)
	at org.jbehave.core.embedder.StoryManager.storyOfPath(StoryManager.java:47)
	at org.jbehave.core.embedder.StoryManager.runningStoriesAsPaths(StoryManager.java:69)
	at org.jbehave.core.embedder.Embedder.runStoriesAsPaths(Embedder.java:212)
	at org.jbehave.core.junit.JUnitStory.run(JUnitStory.java:24)
	at sun.reflect.NativeMethodAccessorImpl.invoke0(Native Method)
	at sun.reflect.NativeMethodAccessorImpl.invoke(NativeMethodAccessorImpl.java:39)
	at sun.reflect.DelegatingMethodAccessorImpl.invoke(DelegatingMethodAccessorImpl.java:25)
	at java.lang.reflect.Method.invoke(Method.java:597)
	at org.junit.runners.model.FrameworkMethod$1.runReflectiveCall(FrameworkMethod.java:44)
	at org.junit.internal.runners.model.ReflectiveCallable.run(ReflectiveCallable.java:15)
	at org.junit.runners.model.FrameworkMethod.invokeExplosively(FrameworkMethod.java:41)
	at org.junit.internal.runners.statements.InvokeMethod.evaluate(InvokeMethod.java:20)
	at org.junit.runners.BlockJUnit4ClassRunner.runNotIgnored(BlockJUnit4ClassRunner.java:79)
	at org.junit.runners.BlockJUnit4ClassRunner.runChild(BlockJUnit4ClassRunner.java:71)
	at org.junit.runners.BlockJUnit4ClassRunner.runChild(BlockJUnit4ClassRunner.java:49)
	at org.junit.runners.ParentRunner$3.run(ParentRunner.java:193)
	at org.junit.runners.ParentRunner$1.schedule(ParentRunner.java:52)
	at org.junit.runners.ParentRunner.runChildren(ParentRunner.java:191)
	at org.junit.runners.ParentRunner.access$000(ParentRunner.java:42)
	at org.junit.runners.ParentRunner$2.evaluate(ParentRunner.java:184)
	at org.junit.runners.ParentRunner.run(ParentRunner.java:236)
	at org.gradle.api.internal.tasks.testing.junit.JUnitTestClassExecuter.execute(JUnitTestClassExecuter.java:51)
	at org.gradle.api.internal.tasks.testing.junit.JUnitTestClassProcessor.processTestClass(JUnitTestClassProcessor.java:63)
	at org.gradle.api.internal.tasks.testing.SuiteTestClassProcessor.processTestClass(SuiteTestClassProcessor.java:49)
	at sun.reflect.NativeMethodAccessorImpl.invoke0(Native Method)
	at sun.reflect.NativeMethodAccessorImpl.invoke(NativeMethodAccessorImpl.java:39)
	at sun.reflect.DelegatingMethodAccessorImpl.invoke(DelegatingMethodAccessorImpl.java:25)
	at java.lang.reflect.Method.invoke(Method.java:597)
	at org.gradle.messaging.dispatch.ReflectionDispatch.dispatch(ReflectionDispatch.java:35)
	at org.gradle.messaging.dispatch.ReflectionDispatch.dispatch(ReflectionDispatch.java:24)
	at org.gradle.messaging.dispatch.ContextClassLoaderDispatch.dispatch(ContextClassLoaderDispatch.java:32)
	at org.gradle.messaging.dispatch.ProxyDispatchAdapter$DispatchingInvocationHandler.invoke(ProxyDispatchAdapter.java:75)
	at $Proxy2.processTestClass(Unknown Source)
	at org.gradle.api.internal.tasks.testing.worker.TestWorker.processTestClass(TestWorker.java:91)
	at sun.reflect.NativeMethodAccessorImpl.invoke0(Native Method)
	at sun.reflect.NativeMethodAccessorImpl.invoke(NativeMethodAccessorImpl.java:39)
	at sun.reflect.DelegatingMethodAccessorImpl.invoke(DelegatingMethodAccessorImpl.java:25)
	at java.lang.reflect.Method.invoke(Method.java:597)
	at org.gradle.messaging.dispatch.ReflectionDispatch.dispatch(ReflectionDispatch.java:35)
	at org.gradle.messaging.dispatch.ReflectionDispatch.dispatch(ReflectionDispatch.java:24)
	at org.gradle.messaging.remote.internal.TypeCastDispatch.dispatch(TypeCastDispatch.java:30)
	at org.gradle.messaging.remote.internal.WorkerProtocol.handleIncoming(WorkerProtocol.java:53)
	at org.gradle.messaging.remote.internal.WorkerProtocol.handleIncoming(WorkerProtocol.java:31)
	at org.gradle.messaging.remote.internal.ProtocolStack$ProtocolStage.handleIncoming(ProtocolStack.java:167)
	at org.gradle.messaging.remote.internal.ProtocolStack$BottomStage.handleIncoming(ProtocolStack.java:277)
	at org.gradle.messaging.remote.internal.ProtocolStack$BottomConnection$1.run(ProtocolStack.java:299)
	at org.gradle.messaging.remote.internal.ProtocolStack$ExecuteRunnable.dispatch(ProtocolStack.java:120)
	at org.gradle.messaging.remote.internal.ProtocolStack$ExecuteRunnable.dispatch(ProtocolStack.java:116)
	at org.gradle.messaging.dispatch.AsyncDispatch.dispatchMessages(AsyncDispatch.java:132)
	at org.gradle.messaging.dispatch.AsyncDispatch.access$000(AsyncDispatch.java:33)
	at org.gradle.messaging.dispatch.AsyncDispatch$1.run(AsyncDispatch.java:72)
	at org.gradle.messaging.concurrent.DefaultExecutorFactory$StoppableExecutorImpl$1.run(DefaultExecutorFactory.java:66)
	at java.util.concurrent.ThreadPoolExecutor$Worker.runTask(ThreadPoolExecutor.java:886)
	at java.util.concurrent.ThreadPoolExecutor$Worker.run(ThreadPoolExecutor.java:908)
	at java.lang.Thread.run(Thread.java:680)
</failure>
  </testcase>
  <system-out><![CDATA[Processing system properties {}
Using controls EmbedderControls[batch=false,skip=false,generateViewAfterStories=true,ignoreFailureInStories=false,ignoreFailureInView=false,verboseFailures=false,verboseFiltering=false,storyTimeoutInSecs=300,threads=1]

(BeforeStories)

Generating reports view to '/Users/twer/projects/github/play_java/jbehave/target/jbehave' using formats '[stats, console, txt]' and view properties '{defaultFormats=stats, decorateNonHtml=true, viewDirectory=view, decorated=ftl/jbehave-report-decorated.ftl, reports=ftl/jbehave-reports-with-totals.ftl, maps=ftl/jbehave-maps.ftl, navigator=ftl/jbehave-navigator.ftl, views=ftl/jbehave-views.ftl, nonDecorated=ftl/jbehave-report-non-decorated.ftl}'
Reports view generated with 1 stories (of which 0 pending) containing 1 scenarios (of which 0 pending)
]]></system-out>
  <system-err><![CDATA[]]></system-err>
</testsuite>
