<?xml version="1.0" encoding="UTF-8" ?>
<testsuite failures="0" time="0.118" errors="0" skipped="0" tests="1" name="com.thoughtworks.davenkin.spring.AppTest">
  <properties>
    <property name="java.runtime.name" value="Java(TM) SE Runtime Environment"/>
    <property name="sun.boot.library.path" value="/opt/jdk1.6.0_37/jre/lib/i386"/>
    <property name="java.vm.version" value="20.12-b01"/>
    <property name="java.vm.vendor" value="Sun Microsystems Inc."/>
    <property name="java.vendor.url" value="http://java.sun.com/"/>
    <property name="path.separator" value=":"/>
    <property name="java.vm.name" value="Java HotSpot(TM) Server VM"/>
    <property name="file.encoding.pkg" value="sun.io"/>
    <property name="user.country" value="US"/>
    <property name="sun.java.launcher" value="SUN_STANDARD"/>
    <property name="sun.os.patch.level" value="unknown"/>
    <property name="java.vm.specification.name" value="Java Virtual Machine Specification"/>
    <property name="user.dir" value="/home/davenkin/play_java/spring/spring-learning"/>
    <property name="java.runtime.version" value="1.6.0_37-b06"/>
    <property name="java.awt.graphicsenv" value="sun.awt.X11GraphicsEnvironment"/>
    <property name="basedir" value="/home/davenkin/play_java/spring/spring-learning"/>
    <property name="java.endorsed.dirs" value="/opt/jdk1.6.0_37/jre/lib/endorsed"/>
    <property name="os.arch" value="i386"/>
    <property name="surefire.real.class.path" value="/tmp/surefirebooter8025152838815735354.jar"/>
    <property name="java.io.tmpdir" value="/tmp"/>
    <property name="line.separator" value="
"/>
    <property name="java.vm.specification.vendor" value="Sun Microsystems Inc."/>
    <property name="os.name" value="Linux"/>
    <property name="sun.jnu.encoding" value="UTF-8"/>
    <property name="java.library.path" value="/opt/jdk1.6.0_37/jre/lib/i386/server:/opt/jdk1.6.0_37/jre/lib/i386:/opt/jdk1.6.0_37/jre/../lib/i386:/usr/java/packages/lib/i386:/lib:/usr/lib"/>
    <property name="surefire.test.class.path" value="/home/davenkin/play_java/spring/spring-learning/target/test-classes:/home/davenkin/play_java/spring/spring-learning/target/classes:/home/davenkin/.m2/repository/junit/junit/3.8.1/junit-3.8.1.jar:/home/davenkin/.m2/repository/org/springframework/spring-context/3.0.0.RELEASE/spring-context-3.0.0.RELEASE.jar:/home/davenkin/.m2/repository/org/springframework/spring-beans/3.0.0.RELEASE/spring-beans-3.0.0.RELEASE.jar:/home/davenkin/.m2/repository/org/springframework/spring-core/3.0.0.RELEASE/spring-core-3.0.0.RELEASE.jar:/home/davenkin/.m2/repository/org/springframework/spring-asm/3.0.0.RELEASE/spring-asm-3.0.0.RELEASE.jar:/home/davenkin/.m2/repository/commons-logging/commons-logging/1.1.1/commons-logging-1.1.1.jar:/home/davenkin/.m2/repository/org/springframework/spring-expression/3.0.0.RELEASE/spring-expression-3.0.0.RELEASE.jar:/home/davenkin/.m2/repository/org/springframework/spring/2.5.6/spring-2.5.6.jar:"/>
    <property name="java.specification.name" value="Java Platform API Specification"/>
    <property name="java.class.version" value="50.0"/>
    <property name="sun.management.compiler" value="HotSpot Tiered Compilers"/>
    <property name="os.version" value="3.5.0-17-generic"/>
    <property name="user.home" value="/home/davenkin"/>
    <property name="user.timezone" value=""/>
    <property name="java.awt.printerjob" value="sun.print.PSPrinterJob"/>
    <property name="file.encoding" value="UTF-8"/>
    <property name="java.specification.version" value="1.6"/>
    <property name="user.name" value="davenkin"/>
    <property name="java.class.path" value="/home/davenkin/play_java/spring/spring-learning/target/test-classes:/home/davenkin/play_java/spring/spring-learning/target/classes:/home/davenkin/.m2/repository/junit/junit/3.8.1/junit-3.8.1.jar:/home/davenkin/.m2/repository/org/springframework/spring-context/3.0.0.RELEASE/spring-context-3.0.0.RELEASE.jar:/home/davenkin/.m2/repository/org/springframework/spring-beans/3.0.0.RELEASE/spring-beans-3.0.0.RELEASE.jar:/home/davenkin/.m2/repository/org/springframework/spring-core/3.0.0.RELEASE/spring-core-3.0.0.RELEASE.jar:/home/davenkin/.m2/repository/org/springframework/spring-asm/3.0.0.RELEASE/spring-asm-3.0.0.RELEASE.jar:/home/davenkin/.m2/repository/commons-logging/commons-logging/1.1.1/commons-logging-1.1.1.jar:/home/davenkin/.m2/repository/org/springframework/spring-expression/3.0.0.RELEASE/spring-expression-3.0.0.RELEASE.jar:/home/davenkin/.m2/repository/org/springframework/spring/2.5.6/spring-2.5.6.jar:"/>
    <property name="java.vm.specification.version" value="1.0"/>
    <property name="sun.arch.data.model" value="32"/>
    <property name="java.home" value="/opt/jdk1.6.0_37/jre"/>
    <property name="sun.java.command" value="/tmp/surefirebooter8025152838815735354.jar /tmp/surefire2688481860787538483tmp /tmp/surefire10950440035361429tmp"/>
    <property name="java.specification.vendor" value="Sun Microsystems Inc."/>
    <property name="user.language" value="en"/>
    <property name="java.vm.info" value="mixed mode"/>
    <property name="java.version" value="1.6.0_37"/>
    <property name="java.ext.dirs" value="/opt/jdk1.6.0_37/jre/lib/ext:/usr/java/packages/lib/ext"/>
    <property name="sun.boot.class.path" value="/opt/jdk1.6.0_37/jre/lib/resources.jar:/opt/jdk1.6.0_37/jre/lib/rt.jar:/opt/jdk1.6.0_37/jre/lib/sunrsasign.jar:/opt/jdk1.6.0_37/jre/lib/jsse.jar:/opt/jdk1.6.0_37/jre/lib/jce.jar:/opt/jdk1.6.0_37/jre/lib/charsets.jar:/opt/jdk1.6.0_37/jre/lib/modules/jdk.boot.jar:/opt/jdk1.6.0_37/jre/classes"/>
    <property name="java.vendor" value="Sun Microsystems Inc."/>
    <property name="localRepository" value="/home/davenkin/.m2/repository"/>
    <property name="file.separator" value="/"/>
    <property name="java.vendor.url.bug" value="http://java.sun.com/cgi-bin/bugreport.cgi"/>
    <property name="sun.cpu.endian" value="little"/>
    <property name="sun.io.unicode.encoding" value="UnicodeLittle"/>
    <property name="sun.cpu.isalist" value=""/>
  </properties>
  <testcase time="0.005" classname="com.thoughtworks.davenkin.spring.AppTest" name="testApp"/>
</testsuite>